2017-03-22 10:28:49 Error: [Cake\Database\Exception] SQLSTATE[42S02]: Base table or view not found: 1146 Table 'wgdb.wreslters' doesn't exist
Stack Trace:
#0 /Users/shaunskeen/Sites/wgdb/vendor/cakephp/cakephp/src/Database/Schema/Collection.php(97): Cake\Database\Schema\Collection->_reflect('Column', 'wreslters', Array, Object(Cake\Database\Schema\TableSchema))
#1 /Users/shaunskeen/Sites/wgdb/vendor/cakephp/cakephp/src/Database/Schema/CachedCollection.php(63): Cake\Database\Schema\Collection->describe('wreslters', Array)
#2 /Users/shaunskeen/Sites/wgdb/vendor/cakephp/cakephp/src/ORM/Table.php(531): Cake\Database\Schema\CachedCollection->describe('wreslters')
#3 /Users/shaunskeen/Sites/wgdb/vendor/cakephp/cakephp/src/ORM/Table.php(652): Cake\ORM\Table->getSchema()
#4 /Users/shaunskeen/Sites/wgdb/vendor/cakephp/bake/src/Shell/Task/ModelTask.php(215): Cake\ORM\Table->getPrimaryKey()
#5 /Users/shaunskeen/Sites/wgdb/vendor/cakephp/bake/src/Shell/Task/ModelTask.php(127): Bake\Shell\Task\ModelTask->getAssociations(Object(Cake\ORM\Table))
#6 /Users/shaunskeen/Sites/wgdb/vendor/cakephp/bake/src/Shell/Task/ModelTask.php(110): Bake\Shell\Task\ModelTask->getTableContext(Object(Cake\ORM\Table), 'wreslters', 'Wreslters')
#7 /Users/shaunskeen/Sites/wgdb/vendor/cakephp/bake/src/Shell/Task/ModelTask.php(97): Bake\Shell\Task\ModelTask->bake('Wreslters')
#8 /Users/shaunskeen/Sites/wgdb/vendor/cakephp/bake/src/Shell/BakeShell.php(260): Bake\Shell\Task\ModelTask->main('Wreslters')
#9 /Users/shaunskeen/Sites/wgdb/vendor/cakephp/cakephp/src/Collection/CollectionTrait.php(51): Bake\Shell\BakeShell->Bake\Shell\{closure}('Wreslters', 0)
#10 /Users/shaunskeen/Sites/wgdb/vendor/cakephp/bake/src/Shell/BakeShell.php(263): Cake\Collection\Collection->each(Object(Closure))
#11 /Users/shaunskeen/Sites/wgdb/vendor/cakephp/cakephp/src/Console/Shell.php(458): Bake\Shell\BakeShell->all('wreslters')
#12 /Users/shaunskeen/Sites/wgdb/vendor/cakephp/cakephp/src/Console/ShellDispatcher.php(227): Cake\Console\Shell->runCommand(Array, true, Array)
#13 /Users/shaunskeen/Sites/wgdb/vendor/cakephp/cakephp/src/Console/ShellDispatcher.php(182): Cake\Console\ShellDispatcher->_dispatch(Array)
#14 /Users/shaunskeen/Sites/wgdb/vendor/cakephp/cakephp/src/Console/ShellDispatcher.php(128): Cake\Console\ShellDispatcher->dispatch(Array)
#15 /Users/shaunskeen/Sites/wgdb/bin/cake.php(34): Cake\Console\ShellDispatcher::run(Array)
#16 {main}


2017-04-05 10:38:07 Error: [Cake\Database\Exception] SQLSTATE[42S02]: Base table or view not found: 1146 Table 'wgdb.abilites' doesn't exist
Stack Trace:
#0 /Users/shaunskeen/Sites/wgdb/vendor/cakephp/cakephp/src/Database/Schema/Collection.php(97): Cake\Database\Schema\Collection->_reflect('Column', 'abilites', Array, Object(Cake\Database\Schema\TableSchema))
#1 /Users/shaunskeen/Sites/wgdb/vendor/cakephp/cakephp/src/Database/Schema/CachedCollection.php(63): Cake\Database\Schema\Collection->describe('abilites', Array)
#2 /Users/shaunskeen/Sites/wgdb/vendor/cakephp/cakephp/src/ORM/Table.php(531): Cake\Database\Schema\CachedCollection->describe('abilites')
#3 /Users/shaunskeen/Sites/wgdb/vendor/cakephp/cakephp/src/ORM/Table.php(652): Cake\ORM\Table->getSchema()
#4 /Users/shaunskeen/Sites/wgdb/vendor/cakephp/bake/src/Shell/Task/ModelTask.php(215): Cake\ORM\Table->getPrimaryKey()
#5 /Users/shaunskeen/Sites/wgdb/vendor/cakephp/bake/src/Shell/Task/ModelTask.php(127): Bake\Shell\Task\ModelTask->getAssociations(Object(Cake\ORM\Table))
#6 /Users/shaunskeen/Sites/wgdb/vendor/cakephp/bake/src/Shell/Task/ModelTask.php(110): Bake\Shell\Task\ModelTask->getTableContext(Object(Cake\ORM\Table), 'abilites', 'Abilites')
#7 /Users/shaunskeen/Sites/wgdb/vendor/cakephp/bake/src/Shell/Task/ModelTask.php(97): Bake\Shell\Task\ModelTask->bake('Abilites')
#8 /Users/shaunskeen/Sites/wgdb/vendor/cakephp/bake/src/Shell/BakeShell.php(260): Bake\Shell\Task\ModelTask->main('Abilites')
#9 /Users/shaunskeen/Sites/wgdb/vendor/cakephp/cakephp/src/Collection/CollectionTrait.php(51): Bake\Shell\BakeShell->Bake\Shell\{closure}('Abilites', 0)
#10 /Users/shaunskeen/Sites/wgdb/vendor/cakephp/bake/src/Shell/BakeShell.php(263): Cake\Collection\Collection->each(Object(Closure))
#11 /Users/shaunskeen/Sites/wgdb/vendor/cakephp/cakephp/src/Console/Shell.php(458): Bake\Shell\BakeShell->all('abilites')
#12 /Users/shaunskeen/Sites/wgdb/vendor/cakephp/cakephp/src/Console/ShellDispatcher.php(227): Cake\Console\Shell->runCommand(Array, true, Array)
#13 /Users/shaunskeen/Sites/wgdb/vendor/cakephp/cakephp/src/Console/ShellDispatcher.php(182): Cake\Console\ShellDispatcher->_dispatch(Array)
#14 /Users/shaunskeen/Sites/wgdb/vendor/cakephp/cakephp/src/Console/ShellDispatcher.php(128): Cake\Console\ShellDispatcher->dispatch(Array)
#15 /Users/shaunskeen/Sites/wgdb/bin/cake.php(34): Cake\Console\ShellDispatcher::run(Array)
#16 {main}


