2017-03-22 10:08:26 Error: [Cake\Routing\Exception\MissingControllerException] Controller class Wrestlers could not be found.
Exception Attributes: array (
  'class' => 'Wrestlers',
  'plugin' => false,
  'prefix' => false,
  '_ext' => false,
)
Request URL: /wrestlers/
Stack Trace:
#0 /Users/shaunskeen/Sites/wgdb/vendor/cakephp/cakephp/src/Http/ControllerFactory.php(70): Cake\Http\ControllerFactory->missingController(Object(Cake\Http\ServerRequest))
#1 /Users/shaunskeen/Sites/wgdb/vendor/cakephp/cakephp/src/Http/ActionDispatcher.php(90): Cake\Http\ControllerFactory->create(Object(Cake\Http\ServerRequest), Object(Cake\Http\Response))
#2 /Users/shaunskeen/Sites/wgdb/vendor/cakephp/cakephp/src/Http/BaseApplication.php(78): Cake\Http\ActionDispatcher->dispatch(Object(Cake\Http\ServerRequest), Object(Cake\Http\Response))
#3 /Users/shaunskeen/Sites/wgdb/vendor/cakephp/cakephp/src/Http/Runner.php(65): Cake\Http\BaseApplication->__invoke(Object(Cake\Http\ServerRequest), Object(Cake\Http\Response), Object(Cake\Http\Runner))
#4 /Users/shaunskeen/Sites/wgdb/vendor/cakephp/cakephp/src/Routing/Middleware/RoutingMiddleware.php(59): Cake\Http\Runner->__invoke(Object(Cake\Http\ServerRequest), Object(Cake\Http\Response))
#5 /Users/shaunskeen/Sites/wgdb/vendor/cakephp/cakephp/src/Http/Runner.php(65): Cake\Routing\Middleware\RoutingMiddleware->__invoke(Object(Cake\Http\ServerRequest), Object(Cake\Http\Response), Object(Cake\Http\Runner))
#6 /Users/shaunskeen/Sites/wgdb/vendor/cakephp/cakephp/src/Routing/Middleware/AssetMiddleware.php(88): Cake\Http\Runner->__invoke(Object(Cake\Http\ServerRequest), Object(Cake\Http\Response))
#7 /Users/shaunskeen/Sites/wgdb/vendor/cakephp/cakephp/src/Http/Runner.php(65): Cake\Routing\Middleware\AssetMiddleware->__invoke(Object(Cake\Http\ServerRequest), Object(Cake\Http\Response), Object(Cake\Http\Runner))
#8 /Users/shaunskeen/Sites/wgdb/vendor/cakephp/cakephp/src/Error/Middleware/ErrorHandlerMiddleware.php(93): Cake\Http\Runner->__invoke(Object(Cake\Http\ServerRequest), Object(Cake\Http\Response))
#9 /Users/shaunskeen/Sites/wgdb/vendor/cakephp/cakephp/src/Http/Runner.php(65): Cake\Error\Middleware\ErrorHandlerMiddleware->__invoke(Object(Cake\Http\ServerRequest), Object(Cake\Http\Response), Object(Cake\Http\Runner))
#10 /Users/shaunskeen/Sites/wgdb/vendor/cakephp/cakephp/src/Http/Runner.php(51): Cake\Http\Runner->__invoke(Object(Cake\Http\ServerRequest), Object(Cake\Http\Response))
#11 /Users/shaunskeen/Sites/wgdb/vendor/cakephp/cakephp/src/Http/Server.php(82): Cake\Http\Runner->run(Object(Cake\Http\MiddlewareQueue), Object(Cake\Http\ServerRequest), Object(Cake\Http\Response))
#12 /Users/shaunskeen/Sites/wgdb/webroot/index.php(37): Cake\Http\Server->run()
#13 {main}


2017-03-22 10:09:29 Error: [Cake\Routing\Exception\MissingControllerException] Controller class Genders could not be found.
Exception Attributes: array (
  'class' => 'Genders',
  'plugin' => false,
  'prefix' => false,
  '_ext' => false,
)
Request URL: /genders/add
Referer URL: http://localhost:8888/wgdb/wrestlers/
Stack Trace:
#0 /Users/shaunskeen/Sites/wgdb/vendor/cakephp/cakephp/src/Http/ControllerFactory.php(70): Cake\Http\ControllerFactory->missingController(Object(Cake\Http\ServerRequest))
#1 /Users/shaunskeen/Sites/wgdb/vendor/cakephp/cakephp/src/Http/ActionDispatcher.php(90): Cake\Http\ControllerFactory->create(Object(Cake\Http\ServerRequest), Object(Cake\Http\Response))
#2 /Users/shaunskeen/Sites/wgdb/vendor/cakephp/cakephp/src/Http/BaseApplication.php(78): Cake\Http\ActionDispatcher->dispatch(Object(Cake\Http\ServerRequest), Object(Cake\Http\Response))
#3 /Users/shaunskeen/Sites/wgdb/vendor/cakephp/cakephp/src/Http/Runner.php(65): Cake\Http\BaseApplication->__invoke(Object(Cake\Http\ServerRequest), Object(Cake\Http\Response), Object(Cake\Http\Runner))
#4 /Users/shaunskeen/Sites/wgdb/vendor/cakephp/cakephp/src/Routing/Middleware/RoutingMiddleware.php(59): Cake\Http\Runner->__invoke(Object(Cake\Http\ServerRequest), Object(Cake\Http\Response))
#5 /Users/shaunskeen/Sites/wgdb/vendor/cakephp/cakephp/src/Http/Runner.php(65): Cake\Routing\Middleware\RoutingMiddleware->__invoke(Object(Cake\Http\ServerRequest), Object(Cake\Http\Response), Object(Cake\Http\Runner))
#6 /Users/shaunskeen/Sites/wgdb/vendor/cakephp/cakephp/src/Routing/Middleware/AssetMiddleware.php(88): Cake\Http\Runner->__invoke(Object(Cake\Http\ServerRequest), Object(Cake\Http\Response))
#7 /Users/shaunskeen/Sites/wgdb/vendor/cakephp/cakephp/src/Http/Runner.php(65): Cake\Routing\Middleware\AssetMiddleware->__invoke(Object(Cake\Http\ServerRequest), Object(Cake\Http\Response), Object(Cake\Http\Runner))
#8 /Users/shaunskeen/Sites/wgdb/vendor/cakephp/cakephp/src/Error/Middleware/ErrorHandlerMiddleware.php(93): Cake\Http\Runner->__invoke(Object(Cake\Http\ServerRequest), Object(Cake\Http\Response))
#9 /Users/shaunskeen/Sites/wgdb/vendor/cakephp/cakephp/src/Http/Runner.php(65): Cake\Error\Middleware\ErrorHandlerMiddleware->__invoke(Object(Cake\Http\ServerRequest), Object(Cake\Http\Response), Object(Cake\Http\Runner))
#10 /Users/shaunskeen/Sites/wgdb/vendor/cakephp/cakephp/src/Http/Runner.php(51): Cake\Http\Runner->__invoke(Object(Cake\Http\ServerRequest), Object(Cake\Http\Response))
#11 /Users/shaunskeen/Sites/wgdb/vendor/cakephp/cakephp/src/Http/Server.php(82): Cake\Http\Runner->run(Object(Cake\Http\MiddlewareQueue), Object(Cake\Http\ServerRequest), Object(Cake\Http\Response))
#12 /Users/shaunskeen/Sites/wgdb/webroot/index.php(37): Cake\Http\Server->run()
#13 {main}


2017-03-22 10:09:31 Error: [Cake\Routing\Exception\MissingControllerException] Controller class Genders could not be found.
Exception Attributes: array (
  'class' => 'Genders',
  'plugin' => false,
  'prefix' => false,
  '_ext' => false,
)
Request URL: /genders
Referer URL: http://localhost:8888/wgdb/wrestlers/
Stack Trace:
#0 /Users/shaunskeen/Sites/wgdb/vendor/cakephp/cakephp/src/Http/ControllerFactory.php(70): Cake\Http\ControllerFactory->missingController(Object(Cake\Http\ServerRequest))
#1 /Users/shaunskeen/Sites/wgdb/vendor/cakephp/cakephp/src/Http/ActionDispatcher.php(90): Cake\Http\ControllerFactory->create(Object(Cake\Http\ServerRequest), Object(Cake\Http\Response))
#2 /Users/shaunskeen/Sites/wgdb/vendor/cakephp/cakephp/src/Http/BaseApplication.php(78): Cake\Http\ActionDispatcher->dispatch(Object(Cake\Http\ServerRequest), Object(Cake\Http\Response))
#3 /Users/shaunskeen/Sites/wgdb/vendor/cakephp/cakephp/src/Http/Runner.php(65): Cake\Http\BaseApplication->__invoke(Object(Cake\Http\ServerRequest), Object(Cake\Http\Response), Object(Cake\Http\Runner))
#4 /Users/shaunskeen/Sites/wgdb/vendor/cakephp/cakephp/src/Routing/Middleware/RoutingMiddleware.php(59): Cake\Http\Runner->__invoke(Object(Cake\Http\ServerRequest), Object(Cake\Http\Response))
#5 /Users/shaunskeen/Sites/wgdb/vendor/cakephp/cakephp/src/Http/Runner.php(65): Cake\Routing\Middleware\RoutingMiddleware->__invoke(Object(Cake\Http\ServerRequest), Object(Cake\Http\Response), Object(Cake\Http\Runner))
#6 /Users/shaunskeen/Sites/wgdb/vendor/cakephp/cakephp/src/Routing/Middleware/AssetMiddleware.php(88): Cake\Http\Runner->__invoke(Object(Cake\Http\ServerRequest), Object(Cake\Http\Response))
#7 /Users/shaunskeen/Sites/wgdb/vendor/cakephp/cakephp/src/Http/Runner.php(65): Cake\Routing\Middleware\AssetMiddleware->__invoke(Object(Cake\Http\ServerRequest), Object(Cake\Http\Response), Object(Cake\Http\Runner))
#8 /Users/shaunskeen/Sites/wgdb/vendor/cakephp/cakephp/src/Error/Middleware/ErrorHandlerMiddleware.php(93): Cake\Http\Runner->__invoke(Object(Cake\Http\ServerRequest), Object(Cake\Http\Response))
#9 /Users/shaunskeen/Sites/wgdb/vendor/cakephp/cakephp/src/Http/Runner.php(65): Cake\Error\Middleware\ErrorHandlerMiddleware->__invoke(Object(Cake\Http\ServerRequest), Object(Cake\Http\Response), Object(Cake\Http\Runner))
#10 /Users/shaunskeen/Sites/wgdb/vendor/cakephp/cakephp/src/Http/Runner.php(51): Cake\Http\Runner->__invoke(Object(Cake\Http\ServerRequest), Object(Cake\Http\Response))
#11 /Users/shaunskeen/Sites/wgdb/vendor/cakephp/cakephp/src/Http/Server.php(82): Cake\Http\Runner->run(Object(Cake\Http\MiddlewareQueue), Object(Cake\Http\ServerRequest), Object(Cake\Http\Response))
#12 /Users/shaunskeen/Sites/wgdb/webroot/index.php(37): Cake\Http\Server->run()
#13 {main}


2017-03-22 10:15:34 Error: [PDOException] SQLSTATE[42S22]: Column not found: 1054 Unknown column 'Abilities.ability_levels' in 'field list'
Request URL: /abilities
Referer URL: http://localhost:8888/wgdb/abilities/add
Stack Trace:
#0 /Users/shaunskeen/Sites/wgdb/vendor/cakephp/cakephp/src/Database/Statement/MysqlStatement.php(39): PDOStatement->execute(NULL)
#1 /Users/shaunskeen/Sites/wgdb/vendor/cakephp/cakephp/src/Database/Statement/StatementDecorator.php(174): Cake\Database\Statement\MysqlStatement->execute(NULL)
#2 /Users/shaunskeen/Sites/wgdb/vendor/cakephp/cakephp/src/Database/Log/LoggingStatement.php(56): Cake\Database\Statement\StatementDecorator->execute(NULL)
#3 /Users/shaunskeen/Sites/wgdb/vendor/cakephp/cakephp/src/Database/Connection.php(304): Cake\Database\Log\LoggingStatement->execute()
#4 /Users/shaunskeen/Sites/wgdb/vendor/cakephp/cakephp/src/Database/Query.php(213): Cake\Database\Connection->run(Object(Cake\ORM\Query))
#5 /Users/shaunskeen/Sites/wgdb/vendor/cakephp/cakephp/src/ORM/Query.php(1011): Cake\Database\Query->execute()
#6 /Users/shaunskeen/Sites/wgdb/vendor/cakephp/cakephp/src/Datasource/QueryTrait.php(276): Cake\ORM\Query->_execute()
#7 /Users/shaunskeen/Sites/wgdb/vendor/cakephp/cakephp/src/ORM/Query.php(959): Cake\ORM\Query->_all()
#8 /Users/shaunskeen/Sites/wgdb/vendor/cakephp/cakephp/src/Controller/Component/PaginatorComponent.php(189): Cake\ORM\Query->all()
#9 /Users/shaunskeen/Sites/wgdb/vendor/cakephp/cakephp/src/Controller/Controller.php(717): Cake\Controller\Component\PaginatorComponent->paginate(Object(App\Model\Table\AbilitiesTable), Array)
#10 /Users/shaunskeen/Sites/wgdb/src/Controller/AbilitiesController.php(21): Cake\Controller\Controller->paginate(Object(App\Model\Table\AbilitiesTable))
#11 /Users/shaunskeen/Sites/wgdb/vendor/cakephp/cakephp/src/Controller/Controller.php(440): App\Controller\AbilitiesController->index()
#12 /Users/shaunskeen/Sites/wgdb/vendor/cakephp/cakephp/src/Http/ActionDispatcher.php(119): Cake\Controller\Controller->invokeAction()
#13 /Users/shaunskeen/Sites/wgdb/vendor/cakephp/cakephp/src/Http/ActionDispatcher.php(93): Cake\Http\ActionDispatcher->_invoke(Object(App\Controller\AbilitiesController))
#14 /Users/shaunskeen/Sites/wgdb/vendor/cakephp/cakephp/src/Http/BaseApplication.php(78): Cake\Http\ActionDispatcher->dispatch(Object(Cake\Http\ServerRequest), Object(Cake\Http\Response))
#15 /Users/shaunskeen/Sites/wgdb/vendor/cakephp/cakephp/src/Http/Runner.php(65): Cake\Http\BaseApplication->__invoke(Object(Cake\Http\ServerRequest), Object(Cake\Http\Response), Object(Cake\Http\Runner))
#16 /Users/shaunskeen/Sites/wgdb/vendor/cakephp/cakephp/src/Routing/Middleware/RoutingMiddleware.php(59): Cake\Http\Runner->__invoke(Object(Cake\Http\ServerRequest), Object(Cake\Http\Response))
#17 /Users/shaunskeen/Sites/wgdb/vendor/cakephp/cakephp/src/Http/Runner.php(65): Cake\Routing\Middleware\RoutingMiddleware->__invoke(Object(Cake\Http\ServerRequest), Object(Cake\Http\Response), Object(Cake\Http\Runner))
#18 /Users/shaunskeen/Sites/wgdb/vendor/cakephp/cakephp/src/Routing/Middleware/AssetMiddleware.php(88): Cake\Http\Runner->__invoke(Object(Cake\Http\ServerRequest), Object(Cake\Http\Response))
#19 /Users/shaunskeen/Sites/wgdb/vendor/cakephp/cakephp/src/Http/Runner.php(65): Cake\Routing\Middleware\AssetMiddleware->__invoke(Object(Cake\Http\ServerRequest), Object(Cake\Http\Response), Object(Cake\Http\Runner))
#20 /Users/shaunskeen/Sites/wgdb/vendor/cakephp/cakephp/src/Error/Middleware/ErrorHandlerMiddleware.php(93): Cake\Http\Runner->__invoke(Object(Cake\Http\ServerRequest), Object(Cake\Http\Response))
#21 /Users/shaunskeen/Sites/wgdb/vendor/cakephp/cakephp/src/Http/Runner.php(65): Cake\Error\Middleware\ErrorHandlerMiddleware->__invoke(Object(Cake\Http\ServerRequest), Object(Cake\Http\Response), Object(Cake\Http\Runner))
#22 /Users/shaunskeen/Sites/wgdb/vendor/cakephp/cakephp/src/Http/Runner.php(51): Cake\Http\Runner->__invoke(Object(Cake\Http\ServerRequest), Object(Cake\Http\Response))
#23 /Users/shaunskeen/Sites/wgdb/vendor/cakephp/cakephp/src/Http/Server.php(82): Cake\Http\Runner->run(Object(Cake\Http\MiddlewareQueue), Object(Cake\Http\ServerRequest), Object(Cake\Http\Response))
#24 /Users/shaunskeen/Sites/wgdb/webroot/index.php(37): Cake\Http\Server->run()
#25 {main}


2017-03-22 10:15:42 Error: [PDOException] SQLSTATE[42S22]: Column not found: 1054 Unknown column 'Abilities.ability_levels' in 'field list'
Request URL: /abilities
Referer URL: http://localhost:8888/wgdb/wrestlers
Stack Trace:
#0 /Users/shaunskeen/Sites/wgdb/vendor/cakephp/cakephp/src/Database/Statement/MysqlStatement.php(39): PDOStatement->execute(NULL)
#1 /Users/shaunskeen/Sites/wgdb/vendor/cakephp/cakephp/src/Database/Statement/StatementDecorator.php(174): Cake\Database\Statement\MysqlStatement->execute(NULL)
#2 /Users/shaunskeen/Sites/wgdb/vendor/cakephp/cakephp/src/Database/Log/LoggingStatement.php(56): Cake\Database\Statement\StatementDecorator->execute(NULL)
#3 /Users/shaunskeen/Sites/wgdb/vendor/cakephp/cakephp/src/Database/Connection.php(304): Cake\Database\Log\LoggingStatement->execute()
#4 /Users/shaunskeen/Sites/wgdb/vendor/cakephp/cakephp/src/Database/Query.php(213): Cake\Database\Connection->run(Object(Cake\ORM\Query))
#5 /Users/shaunskeen/Sites/wgdb/vendor/cakephp/cakephp/src/ORM/Query.php(1011): Cake\Database\Query->execute()
#6 /Users/shaunskeen/Sites/wgdb/vendor/cakephp/cakephp/src/Datasource/QueryTrait.php(276): Cake\ORM\Query->_execute()
#7 /Users/shaunskeen/Sites/wgdb/vendor/cakephp/cakephp/src/ORM/Query.php(959): Cake\ORM\Query->_all()
#8 /Users/shaunskeen/Sites/wgdb/vendor/cakephp/cakephp/src/Controller/Component/PaginatorComponent.php(189): Cake\ORM\Query->all()
#9 /Users/shaunskeen/Sites/wgdb/vendor/cakephp/cakephp/src/Controller/Controller.php(717): Cake\Controller\Component\PaginatorComponent->paginate(Object(App\Model\Table\AbilitiesTable), Array)
#10 /Users/shaunskeen/Sites/wgdb/src/Controller/AbilitiesController.php(21): Cake\Controller\Controller->paginate(Object(App\Model\Table\AbilitiesTable))
#11 /Users/shaunskeen/Sites/wgdb/vendor/cakephp/cakephp/src/Controller/Controller.php(440): App\Controller\AbilitiesController->index()
#12 /Users/shaunskeen/Sites/wgdb/vendor/cakephp/cakephp/src/Http/ActionDispatcher.php(119): Cake\Controller\Controller->invokeAction()
#13 /Users/shaunskeen/Sites/wgdb/vendor/cakephp/cakephp/src/Http/ActionDispatcher.php(93): Cake\Http\ActionDispatcher->_invoke(Object(App\Controller\AbilitiesController))
#14 /Users/shaunskeen/Sites/wgdb/vendor/cakephp/cakephp/src/Http/BaseApplication.php(78): Cake\Http\ActionDispatcher->dispatch(Object(Cake\Http\ServerRequest), Object(Cake\Http\Response))
#15 /Users/shaunskeen/Sites/wgdb/vendor/cakephp/cakephp/src/Http/Runner.php(65): Cake\Http\BaseApplication->__invoke(Object(Cake\Http\ServerRequest), Object(Cake\Http\Response), Object(Cake\Http\Runner))
#16 /Users/shaunskeen/Sites/wgdb/vendor/cakephp/cakephp/src/Routing/Middleware/RoutingMiddleware.php(59): Cake\Http\Runner->__invoke(Object(Cake\Http\ServerRequest), Object(Cake\Http\Response))
#17 /Users/shaunskeen/Sites/wgdb/vendor/cakephp/cakephp/src/Http/Runner.php(65): Cake\Routing\Middleware\RoutingMiddleware->__invoke(Object(Cake\Http\ServerRequest), Object(Cake\Http\Response), Object(Cake\Http\Runner))
#18 /Users/shaunskeen/Sites/wgdb/vendor/cakephp/cakephp/src/Routing/Middleware/AssetMiddleware.php(88): Cake\Http\Runner->__invoke(Object(Cake\Http\ServerRequest), Object(Cake\Http\Response))
#19 /Users/shaunskeen/Sites/wgdb/vendor/cakephp/cakephp/src/Http/Runner.php(65): Cake\Routing\Middleware\AssetMiddleware->__invoke(Object(Cake\Http\ServerRequest), Object(Cake\Http\Response), Object(Cake\Http\Runner))
#20 /Users/shaunskeen/Sites/wgdb/vendor/cakephp/cakephp/src/Error/Middleware/ErrorHandlerMiddleware.php(93): Cake\Http\Runner->__invoke(Object(Cake\Http\ServerRequest), Object(Cake\Http\Response))
#21 /Users/shaunskeen/Sites/wgdb/vendor/cakephp/cakephp/src/Http/Runner.php(65): Cake\Error\Middleware\ErrorHandlerMiddleware->__invoke(Object(Cake\Http\ServerRequest), Object(Cake\Http\Response), Object(Cake\Http\Runner))
#22 /Users/shaunskeen/Sites/wgdb/vendor/cakephp/cakephp/src/Http/Runner.php(51): Cake\Http\Runner->__invoke(Object(Cake\Http\ServerRequest), Object(Cake\Http\Response))
#23 /Users/shaunskeen/Sites/wgdb/vendor/cakephp/cakephp/src/Http/Server.php(82): Cake\Http\Runner->run(Object(Cake\Http\MiddlewareQueue), Object(Cake\Http\ServerRequest), Object(Cake\Http\Response))
#24 /Users/shaunskeen/Sites/wgdb/webroot/index.php(37): Cake\Http\Server->run()
#25 {main}


2017-03-22 10:16:18 Error: [PDOException] SQLSTATE[42S22]: Column not found: 1054 Unknown column 'Abilities.ability_levels' in 'field list'
Request URL: /abilities
Referer URL: http://localhost:8888/wgdb/wrestlers
Stack Trace:
#0 /Users/shaunskeen/Sites/wgdb/vendor/cakephp/cakephp/src/Database/Statement/MysqlStatement.php(39): PDOStatement->execute(NULL)
#1 /Users/shaunskeen/Sites/wgdb/vendor/cakephp/cakephp/src/Database/Statement/StatementDecorator.php(174): Cake\Database\Statement\MysqlStatement->execute(NULL)
#2 /Users/shaunskeen/Sites/wgdb/vendor/cakephp/cakephp/src/Database/Log/LoggingStatement.php(56): Cake\Database\Statement\StatementDecorator->execute(NULL)
#3 /Users/shaunskeen/Sites/wgdb/vendor/cakephp/cakephp/src/Database/Connection.php(304): Cake\Database\Log\LoggingStatement->execute()
#4 /Users/shaunskeen/Sites/wgdb/vendor/cakephp/cakephp/src/Database/Query.php(213): Cake\Database\Connection->run(Object(Cake\ORM\Query))
#5 /Users/shaunskeen/Sites/wgdb/vendor/cakephp/cakephp/src/ORM/Query.php(1011): Cake\Database\Query->execute()
#6 /Users/shaunskeen/Sites/wgdb/vendor/cakephp/cakephp/src/Datasource/QueryTrait.php(276): Cake\ORM\Query->_execute()
#7 /Users/shaunskeen/Sites/wgdb/vendor/cakephp/cakephp/src/ORM/Query.php(959): Cake\ORM\Query->_all()
#8 /Users/shaunskeen/Sites/wgdb/vendor/cakephp/cakephp/src/Controller/Component/PaginatorComponent.php(189): Cake\ORM\Query->all()
#9 /Users/shaunskeen/Sites/wgdb/vendor/cakephp/cakephp/src/Controller/Controller.php(717): Cake\Controller\Component\PaginatorComponent->paginate(Object(App\Model\Table\AbilitiesTable), Array)
#10 /Users/shaunskeen/Sites/wgdb/src/Controller/AbilitiesController.php(21): Cake\Controller\Controller->paginate(Object(App\Model\Table\AbilitiesTable))
#11 /Users/shaunskeen/Sites/wgdb/vendor/cakephp/cakephp/src/Controller/Controller.php(440): App\Controller\AbilitiesController->index()
#12 /Users/shaunskeen/Sites/wgdb/vendor/cakephp/cakephp/src/Http/ActionDispatcher.php(119): Cake\Controller\Controller->invokeAction()
#13 /Users/shaunskeen/Sites/wgdb/vendor/cakephp/cakephp/src/Http/ActionDispatcher.php(93): Cake\Http\ActionDispatcher->_invoke(Object(App\Controller\AbilitiesController))
#14 /Users/shaunskeen/Sites/wgdb/vendor/cakephp/cakephp/src/Http/BaseApplication.php(78): Cake\Http\ActionDispatcher->dispatch(Object(Cake\Http\ServerRequest), Object(Cake\Http\Response))
#15 /Users/shaunskeen/Sites/wgdb/vendor/cakephp/cakephp/src/Http/Runner.php(65): Cake\Http\BaseApplication->__invoke(Object(Cake\Http\ServerRequest), Object(Cake\Http\Response), Object(Cake\Http\Runner))
#16 /Users/shaunskeen/Sites/wgdb/vendor/cakephp/cakephp/src/Routing/Middleware/RoutingMiddleware.php(59): Cake\Http\Runner->__invoke(Object(Cake\Http\ServerRequest), Object(Cake\Http\Response))
#17 /Users/shaunskeen/Sites/wgdb/vendor/cakephp/cakephp/src/Http/Runner.php(65): Cake\Routing\Middleware\RoutingMiddleware->__invoke(Object(Cake\Http\ServerRequest), Object(Cake\Http\Response), Object(Cake\Http\Runner))
#18 /Users/shaunskeen/Sites/wgdb/vendor/cakephp/cakephp/src/Routing/Middleware/AssetMiddleware.php(88): Cake\Http\Runner->__invoke(Object(Cake\Http\ServerRequest), Object(Cake\Http\Response))
#19 /Users/shaunskeen/Sites/wgdb/vendor/cakephp/cakephp/src/Http/Runner.php(65): Cake\Routing\Middleware\AssetMiddleware->__invoke(Object(Cake\Http\ServerRequest), Object(Cake\Http\Response), Object(Cake\Http\Runner))
#20 /Users/shaunskeen/Sites/wgdb/vendor/cakephp/cakephp/src/Error/Middleware/ErrorHandlerMiddleware.php(93): Cake\Http\Runner->__invoke(Object(Cake\Http\ServerRequest), Object(Cake\Http\Response))
#21 /Users/shaunskeen/Sites/wgdb/vendor/cakephp/cakephp/src/Http/Runner.php(65): Cake\Error\Middleware\ErrorHandlerMiddleware->__invoke(Object(Cake\Http\ServerRequest), Object(Cake\Http\Response), Object(Cake\Http\Runner))
#22 /Users/shaunskeen/Sites/wgdb/vendor/cakephp/cakephp/src/Http/Runner.php(51): Cake\Http\Runner->__invoke(Object(Cake\Http\ServerRequest), Object(Cake\Http\Response))
#23 /Users/shaunskeen/Sites/wgdb/vendor/cakephp/cakephp/src/Http/Server.php(82): Cake\Http\Runner->run(Object(Cake\Http\MiddlewareQueue), Object(Cake\Http\ServerRequest), Object(Cake\Http\Response))
#24 /Users/shaunskeen/Sites/wgdb/webroot/index.php(37): Cake\Http\Server->run()
#25 {main}


2017-03-22 10:27:45 Error: [PDOException] SQLSTATE[42S22]: Column not found: 1054 Unknown column 'Reactions.crowd_recaction' in 'field list'
Request URL: /reactions
Referer URL: http://localhost:8888/wgdb/wrestlers/view/1
Stack Trace:
#0 /Users/shaunskeen/Sites/wgdb/vendor/cakephp/cakephp/src/Database/Statement/MysqlStatement.php(39): PDOStatement->execute(NULL)
#1 /Users/shaunskeen/Sites/wgdb/vendor/cakephp/cakephp/src/Database/Statement/StatementDecorator.php(174): Cake\Database\Statement\MysqlStatement->execute(NULL)
#2 /Users/shaunskeen/Sites/wgdb/vendor/cakephp/cakephp/src/Database/Log/LoggingStatement.php(56): Cake\Database\Statement\StatementDecorator->execute(NULL)
#3 /Users/shaunskeen/Sites/wgdb/vendor/cakephp/cakephp/src/Database/Connection.php(304): Cake\Database\Log\LoggingStatement->execute()
#4 /Users/shaunskeen/Sites/wgdb/vendor/cakephp/cakephp/src/Database/Query.php(213): Cake\Database\Connection->run(Object(Cake\ORM\Query))
#5 /Users/shaunskeen/Sites/wgdb/vendor/cakephp/cakephp/src/ORM/Query.php(1011): Cake\Database\Query->execute()
#6 /Users/shaunskeen/Sites/wgdb/vendor/cakephp/cakephp/src/Datasource/QueryTrait.php(276): Cake\ORM\Query->_execute()
#7 /Users/shaunskeen/Sites/wgdb/vendor/cakephp/cakephp/src/ORM/Query.php(959): Cake\ORM\Query->_all()
#8 /Users/shaunskeen/Sites/wgdb/vendor/cakephp/cakephp/src/Controller/Component/PaginatorComponent.php(189): Cake\ORM\Query->all()
#9 /Users/shaunskeen/Sites/wgdb/vendor/cakephp/cakephp/src/Controller/Controller.php(717): Cake\Controller\Component\PaginatorComponent->paginate(Object(App\Model\Table\ReactionsTable), Array)
#10 /Users/shaunskeen/Sites/wgdb/src/Controller/ReactionsController.php(21): Cake\Controller\Controller->paginate(Object(App\Model\Table\ReactionsTable))
#11 /Users/shaunskeen/Sites/wgdb/vendor/cakephp/cakephp/src/Controller/Controller.php(440): App\Controller\ReactionsController->index()
#12 /Users/shaunskeen/Sites/wgdb/vendor/cakephp/cakephp/src/Http/ActionDispatcher.php(119): Cake\Controller\Controller->invokeAction()
#13 /Users/shaunskeen/Sites/wgdb/vendor/cakephp/cakephp/src/Http/ActionDispatcher.php(93): Cake\Http\ActionDispatcher->_invoke(Object(App\Controller\ReactionsController))
#14 /Users/shaunskeen/Sites/wgdb/vendor/cakephp/cakephp/src/Http/BaseApplication.php(78): Cake\Http\ActionDispatcher->dispatch(Object(Cake\Http\ServerRequest), Object(Cake\Http\Response))
#15 /Users/shaunskeen/Sites/wgdb/vendor/cakephp/cakephp/src/Http/Runner.php(65): Cake\Http\BaseApplication->__invoke(Object(Cake\Http\ServerRequest), Object(Cake\Http\Response), Object(Cake\Http\Runner))
#16 /Users/shaunskeen/Sites/wgdb/vendor/cakephp/cakephp/src/Routing/Middleware/RoutingMiddleware.php(59): Cake\Http\Runner->__invoke(Object(Cake\Http\ServerRequest), Object(Cake\Http\Response))
#17 /Users/shaunskeen/Sites/wgdb/vendor/cakephp/cakephp/src/Http/Runner.php(65): Cake\Routing\Middleware\RoutingMiddleware->__invoke(Object(Cake\Http\ServerRequest), Object(Cake\Http\Response), Object(Cake\Http\Runner))
#18 /Users/shaunskeen/Sites/wgdb/vendor/cakephp/cakephp/src/Routing/Middleware/AssetMiddleware.php(88): Cake\Http\Runner->__invoke(Object(Cake\Http\ServerRequest), Object(Cake\Http\Response))
#19 /Users/shaunskeen/Sites/wgdb/vendor/cakephp/cakephp/src/Http/Runner.php(65): Cake\Routing\Middleware\AssetMiddleware->__invoke(Object(Cake\Http\ServerRequest), Object(Cake\Http\Response), Object(Cake\Http\Runner))
#20 /Users/shaunskeen/Sites/wgdb/vendor/cakephp/cakephp/src/Error/Middleware/ErrorHandlerMiddleware.php(93): Cake\Http\Runner->__invoke(Object(Cake\Http\ServerRequest), Object(Cake\Http\Response))
#21 /Users/shaunskeen/Sites/wgdb/vendor/cakephp/cakephp/src/Http/Runner.php(65): Cake\Error\Middleware\ErrorHandlerMiddleware->__invoke(Object(Cake\Http\ServerRequest), Object(Cake\Http\Response), Object(Cake\Http\Runner))
#22 /Users/shaunskeen/Sites/wgdb/vendor/cakephp/cakephp/src/Http/Runner.php(51): Cake\Http\Runner->__invoke(Object(Cake\Http\ServerRequest), Object(Cake\Http\Response))
#23 /Users/shaunskeen/Sites/wgdb/vendor/cakephp/cakephp/src/Http/Server.php(82): Cake\Http\Runner->run(Object(Cake\Http\MiddlewareQueue), Object(Cake\Http\ServerRequest), Object(Cake\Http\Response))
#24 /Users/shaunskeen/Sites/wgdb/webroot/index.php(37): Cake\Http\Server->run()
#25 {main}


2017-03-22 10:28:13 Error: [PDOException] SQLSTATE[42S22]: Column not found: 1054 Unknown column 'Reactions.crowd_recaction' in 'field list'
Request URL: /reactions
Referer URL: http://localhost:8888/wgdb/wrestlers/view/1
Stack Trace:
#0 /Users/shaunskeen/Sites/wgdb/vendor/cakephp/cakephp/src/Database/Statement/MysqlStatement.php(39): PDOStatement->execute(NULL)
#1 /Users/shaunskeen/Sites/wgdb/vendor/cakephp/cakephp/src/Database/Statement/StatementDecorator.php(174): Cake\Database\Statement\MysqlStatement->execute(NULL)
#2 /Users/shaunskeen/Sites/wgdb/vendor/cakephp/cakephp/src/Database/Log/LoggingStatement.php(56): Cake\Database\Statement\StatementDecorator->execute(NULL)
#3 /Users/shaunskeen/Sites/wgdb/vendor/cakephp/cakephp/src/Database/Connection.php(304): Cake\Database\Log\LoggingStatement->execute()
#4 /Users/shaunskeen/Sites/wgdb/vendor/cakephp/cakephp/src/Database/Query.php(213): Cake\Database\Connection->run(Object(Cake\ORM\Query))
#5 /Users/shaunskeen/Sites/wgdb/vendor/cakephp/cakephp/src/ORM/Query.php(1011): Cake\Database\Query->execute()
#6 /Users/shaunskeen/Sites/wgdb/vendor/cakephp/cakephp/src/Datasource/QueryTrait.php(276): Cake\ORM\Query->_execute()
#7 /Users/shaunskeen/Sites/wgdb/vendor/cakephp/cakephp/src/ORM/Query.php(959): Cake\ORM\Query->_all()
#8 /Users/shaunskeen/Sites/wgdb/vendor/cakephp/cakephp/src/Controller/Component/PaginatorComponent.php(189): Cake\ORM\Query->all()
#9 /Users/shaunskeen/Sites/wgdb/vendor/cakephp/cakephp/src/Controller/Controller.php(717): Cake\Controller\Component\PaginatorComponent->paginate(Object(App\Model\Table\ReactionsTable), Array)
#10 /Users/shaunskeen/Sites/wgdb/src/Controller/ReactionsController.php(21): Cake\Controller\Controller->paginate(Object(App\Model\Table\ReactionsTable))
#11 /Users/shaunskeen/Sites/wgdb/vendor/cakephp/cakephp/src/Controller/Controller.php(440): App\Controller\ReactionsController->index()
#12 /Users/shaunskeen/Sites/wgdb/vendor/cakephp/cakephp/src/Http/ActionDispatcher.php(119): Cake\Controller\Controller->invokeAction()
#13 /Users/shaunskeen/Sites/wgdb/vendor/cakephp/cakephp/src/Http/ActionDispatcher.php(93): Cake\Http\ActionDispatcher->_invoke(Object(App\Controller\ReactionsController))
#14 /Users/shaunskeen/Sites/wgdb/vendor/cakephp/cakephp/src/Http/BaseApplication.php(78): Cake\Http\ActionDispatcher->dispatch(Object(Cake\Http\ServerRequest), Object(Cake\Http\Response))
#15 /Users/shaunskeen/Sites/wgdb/vendor/cakephp/cakephp/src/Http/Runner.php(65): Cake\Http\BaseApplication->__invoke(Object(Cake\Http\ServerRequest), Object(Cake\Http\Response), Object(Cake\Http\Runner))
#16 /Users/shaunskeen/Sites/wgdb/vendor/cakephp/cakephp/src/Routing/Middleware/RoutingMiddleware.php(59): Cake\Http\Runner->__invoke(Object(Cake\Http\ServerRequest), Object(Cake\Http\Response))
#17 /Users/shaunskeen/Sites/wgdb/vendor/cakephp/cakephp/src/Http/Runner.php(65): Cake\Routing\Middleware\RoutingMiddleware->__invoke(Object(Cake\Http\ServerRequest), Object(Cake\Http\Response), Object(Cake\Http\Runner))
#18 /Users/shaunskeen/Sites/wgdb/vendor/cakephp/cakephp/src/Routing/Middleware/AssetMiddleware.php(88): Cake\Http\Runner->__invoke(Object(Cake\Http\ServerRequest), Object(Cake\Http\Response))
#19 /Users/shaunskeen/Sites/wgdb/vendor/cakephp/cakephp/src/Http/Runner.php(65): Cake\Routing\Middleware\AssetMiddleware->__invoke(Object(Cake\Http\ServerRequest), Object(Cake\Http\Response), Object(Cake\Http\Runner))
#20 /Users/shaunskeen/Sites/wgdb/vendor/cakephp/cakephp/src/Error/Middleware/ErrorHandlerMiddleware.php(93): Cake\Http\Runner->__invoke(Object(Cake\Http\ServerRequest), Object(Cake\Http\Response))
#21 /Users/shaunskeen/Sites/wgdb/vendor/cakephp/cakephp/src/Http/Runner.php(65): Cake\Error\Middleware\ErrorHandlerMiddleware->__invoke(Object(Cake\Http\ServerRequest), Object(Cake\Http\Response), Object(Cake\Http\Runner))
#22 /Users/shaunskeen/Sites/wgdb/vendor/cakephp/cakephp/src/Http/Runner.php(51): Cake\Http\Runner->__invoke(Object(Cake\Http\ServerRequest), Object(Cake\Http\Response))
#23 /Users/shaunskeen/Sites/wgdb/vendor/cakephp/cakephp/src/Http/Server.php(82): Cake\Http\Runner->run(Object(Cake\Http\MiddlewareQueue), Object(Cake\Http\ServerRequest), Object(Cake\Http\Response))
#24 /Users/shaunskeen/Sites/wgdb/webroot/index.php(37): Cake\Http\Server->run()
#25 {main}


2017-03-22 10:28:14 Error: [PDOException] SQLSTATE[42S22]: Column not found: 1054 Unknown column 'Reactions.crowd_recaction' in 'field list'
Request URL: /wrestlers/view/1
Referer URL: http://localhost:8888/wgdb/wrestlers
Stack Trace:
#0 /Users/shaunskeen/Sites/wgdb/vendor/cakephp/cakephp/src/Database/Statement/MysqlStatement.php(39): PDOStatement->execute(NULL)
#1 /Users/shaunskeen/Sites/wgdb/vendor/cakephp/cakephp/src/Database/Statement/StatementDecorator.php(174): Cake\Database\Statement\MysqlStatement->execute(NULL)
#2 /Users/shaunskeen/Sites/wgdb/vendor/cakephp/cakephp/src/Database/Log/LoggingStatement.php(56): Cake\Database\Statement\StatementDecorator->execute(NULL)
#3 /Users/shaunskeen/Sites/wgdb/vendor/cakephp/cakephp/src/Database/Connection.php(304): Cake\Database\Log\LoggingStatement->execute()
#4 /Users/shaunskeen/Sites/wgdb/vendor/cakephp/cakephp/src/Database/Query.php(213): Cake\Database\Connection->run(Object(Cake\ORM\Query))
#5 /Users/shaunskeen/Sites/wgdb/vendor/cakephp/cakephp/src/ORM/Query.php(1011): Cake\Database\Query->execute()
#6 /Users/shaunskeen/Sites/wgdb/vendor/cakephp/cakephp/src/Datasource/QueryTrait.php(276): Cake\ORM\Query->_execute()
#7 /Users/shaunskeen/Sites/wgdb/vendor/cakephp/cakephp/src/ORM/Query.php(959): Cake\ORM\Query->_all()
#8 /Users/shaunskeen/Sites/wgdb/vendor/cakephp/cakephp/src/Datasource/QueryTrait.php(404): Cake\ORM\Query->all()
#9 /Users/shaunskeen/Sites/wgdb/vendor/cakephp/cakephp/src/Datasource/QueryTrait.php(415): Cake\ORM\Query->first()
#10 /Users/shaunskeen/Sites/wgdb/vendor/cakephp/cakephp/src/ORM/Table.php(1432): Cake\ORM\Query->firstOrFail()
#11 /Users/shaunskeen/Sites/wgdb/src/Controller/WrestlersController.php(41): Cake\ORM\Table->get(Array, Array)
#12 /Users/shaunskeen/Sites/wgdb/vendor/cakephp/cakephp/src/Controller/Controller.php(440): App\Controller\WrestlersController->view('1')
#13 /Users/shaunskeen/Sites/wgdb/vendor/cakephp/cakephp/src/Http/ActionDispatcher.php(119): Cake\Controller\Controller->invokeAction()
#14 /Users/shaunskeen/Sites/wgdb/vendor/cakephp/cakephp/src/Http/ActionDispatcher.php(93): Cake\Http\ActionDispatcher->_invoke(Object(App\Controller\WrestlersController))
#15 /Users/shaunskeen/Sites/wgdb/vendor/cakephp/cakephp/src/Http/BaseApplication.php(78): Cake\Http\ActionDispatcher->dispatch(Object(Cake\Http\ServerRequest), Object(Cake\Http\Response))
#16 /Users/shaunskeen/Sites/wgdb/vendor/cakephp/cakephp/src/Http/Runner.php(65): Cake\Http\BaseApplication->__invoke(Object(Cake\Http\ServerRequest), Object(Cake\Http\Response), Object(Cake\Http\Runner))
#17 /Users/shaunskeen/Sites/wgdb/vendor/cakephp/cakephp/src/Routing/Middleware/RoutingMiddleware.php(59): Cake\Http\Runner->__invoke(Object(Cake\Http\ServerRequest), Object(Cake\Http\Response))
#18 /Users/shaunskeen/Sites/wgdb/vendor/cakephp/cakephp/src/Http/Runner.php(65): Cake\Routing\Middleware\RoutingMiddleware->__invoke(Object(Cake\Http\ServerRequest), Object(Cake\Http\Response), Object(Cake\Http\Runner))
#19 /Users/shaunskeen/Sites/wgdb/vendor/cakephp/cakephp/src/Routing/Middleware/AssetMiddleware.php(88): Cake\Http\Runner->__invoke(Object(Cake\Http\ServerRequest), Object(Cake\Http\Response))
#20 /Users/shaunskeen/Sites/wgdb/vendor/cakephp/cakephp/src/Http/Runner.php(65): Cake\Routing\Middleware\AssetMiddleware->__invoke(Object(Cake\Http\ServerRequest), Object(Cake\Http\Response), Object(Cake\Http\Runner))
#21 /Users/shaunskeen/Sites/wgdb/vendor/cakephp/cakephp/src/Error/Middleware/ErrorHandlerMiddleware.php(93): Cake\Http\Runner->__invoke(Object(Cake\Http\ServerRequest), Object(Cake\Http\Response))
#22 /Users/shaunskeen/Sites/wgdb/vendor/cakephp/cakephp/src/Http/Runner.php(65): Cake\Error\Middleware\ErrorHandlerMiddleware->__invoke(Object(Cake\Http\ServerRequest), Object(Cake\Http\Response), Object(Cake\Http\Runner))
#23 /Users/shaunskeen/Sites/wgdb/vendor/cakephp/cakephp/src/Http/Runner.php(51): Cake\Http\Runner->__invoke(Object(Cake\Http\ServerRequest), Object(Cake\Http\Response))
#24 /Users/shaunskeen/Sites/wgdb/vendor/cakephp/cakephp/src/Http/Server.php(82): Cake\Http\Runner->run(Object(Cake\Http\MiddlewareQueue), Object(Cake\Http\ServerRequest), Object(Cake\Http\Response))
#25 /Users/shaunskeen/Sites/wgdb/webroot/index.php(37): Cake\Http\Server->run()
#26 {main}


2017-03-22 10:28:15 Error: [PDOException] SQLSTATE[42S22]: Column not found: 1054 Unknown column 'Reactions.crowd_recaction' in 'field list'
Request URL: /wrestlers
Referer URL: http://localhost:8888/wgdb/games/view/1
Stack Trace:
#0 /Users/shaunskeen/Sites/wgdb/vendor/cakephp/cakephp/src/Database/Statement/MysqlStatement.php(39): PDOStatement->execute(NULL)
#1 /Users/shaunskeen/Sites/wgdb/vendor/cakephp/cakephp/src/Database/Statement/StatementDecorator.php(174): Cake\Database\Statement\MysqlStatement->execute(NULL)
#2 /Users/shaunskeen/Sites/wgdb/vendor/cakephp/cakephp/src/Database/Log/LoggingStatement.php(56): Cake\Database\Statement\StatementDecorator->execute(NULL)
#3 /Users/shaunskeen/Sites/wgdb/vendor/cakephp/cakephp/src/Database/Connection.php(304): Cake\Database\Log\LoggingStatement->execute()
#4 /Users/shaunskeen/Sites/wgdb/vendor/cakephp/cakephp/src/Database/Query.php(213): Cake\Database\Connection->run(Object(Cake\ORM\Query))
#5 /Users/shaunskeen/Sites/wgdb/vendor/cakephp/cakephp/src/ORM/Query.php(1011): Cake\Database\Query->execute()
#6 /Users/shaunskeen/Sites/wgdb/vendor/cakephp/cakephp/src/Datasource/QueryTrait.php(276): Cake\ORM\Query->_execute()
#7 /Users/shaunskeen/Sites/wgdb/vendor/cakephp/cakephp/src/ORM/Query.php(959): Cake\ORM\Query->_all()
#8 /Users/shaunskeen/Sites/wgdb/vendor/cakephp/cakephp/src/Controller/Component/PaginatorComponent.php(189): Cake\ORM\Query->all()
#9 /Users/shaunskeen/Sites/wgdb/vendor/cakephp/cakephp/src/Controller/Controller.php(717): Cake\Controller\Component\PaginatorComponent->paginate(Object(App\Model\Table\WrestlersTable), Array)
#10 /Users/shaunskeen/Sites/wgdb/src/Controller/WrestlersController.php(24): Cake\Controller\Controller->paginate(Object(App\Model\Table\WrestlersTable))
#11 /Users/shaunskeen/Sites/wgdb/vendor/cakephp/cakephp/src/Controller/Controller.php(440): App\Controller\WrestlersController->index()
#12 /Users/shaunskeen/Sites/wgdb/vendor/cakephp/cakephp/src/Http/ActionDispatcher.php(119): Cake\Controller\Controller->invokeAction()
#13 /Users/shaunskeen/Sites/wgdb/vendor/cakephp/cakephp/src/Http/ActionDispatcher.php(93): Cake\Http\ActionDispatcher->_invoke(Object(App\Controller\WrestlersController))
#14 /Users/shaunskeen/Sites/wgdb/vendor/cakephp/cakephp/src/Http/BaseApplication.php(78): Cake\Http\ActionDispatcher->dispatch(Object(Cake\Http\ServerRequest), Object(Cake\Http\Response))
#15 /Users/shaunskeen/Sites/wgdb/vendor/cakephp/cakephp/src/Http/Runner.php(65): Cake\Http\BaseApplication->__invoke(Object(Cake\Http\ServerRequest), Object(Cake\Http\Response), Object(Cake\Http\Runner))
#16 /Users/shaunskeen/Sites/wgdb/vendor/cakephp/cakephp/src/Routing/Middleware/RoutingMiddleware.php(59): Cake\Http\Runner->__invoke(Object(Cake\Http\ServerRequest), Object(Cake\Http\Response))
#17 /Users/shaunskeen/Sites/wgdb/vendor/cakephp/cakephp/src/Http/Runner.php(65): Cake\Routing\Middleware\RoutingMiddleware->__invoke(Object(Cake\Http\ServerRequest), Object(Cake\Http\Response), Object(Cake\Http\Runner))
#18 /Users/shaunskeen/Sites/wgdb/vendor/cakephp/cakephp/src/Routing/Middleware/AssetMiddleware.php(88): Cake\Http\Runner->__invoke(Object(Cake\Http\ServerRequest), Object(Cake\Http\Response))
#19 /Users/shaunskeen/Sites/wgdb/vendor/cakephp/cakephp/src/Http/Runner.php(65): Cake\Routing\Middleware\AssetMiddleware->__invoke(Object(Cake\Http\ServerRequest), Object(Cake\Http\Response), Object(Cake\Http\Runner))
#20 /Users/shaunskeen/Sites/wgdb/vendor/cakephp/cakephp/src/Error/Middleware/ErrorHandlerMiddleware.php(93): Cake\Http\Runner->__invoke(Object(Cake\Http\ServerRequest), Object(Cake\Http\Response))
#21 /Users/shaunskeen/Sites/wgdb/vendor/cakephp/cakephp/src/Http/Runner.php(65): Cake\Error\Middleware\ErrorHandlerMiddleware->__invoke(Object(Cake\Http\ServerRequest), Object(Cake\Http\Response), Object(Cake\Http\Runner))
#22 /Users/shaunskeen/Sites/wgdb/vendor/cakephp/cakephp/src/Http/Runner.php(51): Cake\Http\Runner->__invoke(Object(Cake\Http\ServerRequest), Object(Cake\Http\Response))
#23 /Users/shaunskeen/Sites/wgdb/vendor/cakephp/cakephp/src/Http/Server.php(82): Cake\Http\Runner->run(Object(Cake\Http\MiddlewareQueue), Object(Cake\Http\ServerRequest), Object(Cake\Http\Response))
#24 /Users/shaunskeen/Sites/wgdb/webroot/index.php(37): Cake\Http\Server->run()
#25 {main}


2017-03-22 10:28:17 Error: [PDOException] SQLSTATE[42S22]: Column not found: 1054 Unknown column 'Reactions.crowd_recaction' in 'field list'
Request URL: /wrestlers
Stack Trace:
#0 /Users/shaunskeen/Sites/wgdb/vendor/cakephp/cakephp/src/Database/Statement/MysqlStatement.php(39): PDOStatement->execute(NULL)
#1 /Users/shaunskeen/Sites/wgdb/vendor/cakephp/cakephp/src/Database/Statement/StatementDecorator.php(174): Cake\Database\Statement\MysqlStatement->execute(NULL)
#2 /Users/shaunskeen/Sites/wgdb/vendor/cakephp/cakephp/src/Database/Log/LoggingStatement.php(56): Cake\Database\Statement\StatementDecorator->execute(NULL)
#3 /Users/shaunskeen/Sites/wgdb/vendor/cakephp/cakephp/src/Database/Connection.php(304): Cake\Database\Log\LoggingStatement->execute()
#4 /Users/shaunskeen/Sites/wgdb/vendor/cakephp/cakephp/src/Database/Query.php(213): Cake\Database\Connection->run(Object(Cake\ORM\Query))
#5 /Users/shaunskeen/Sites/wgdb/vendor/cakephp/cakephp/src/ORM/Query.php(1011): Cake\Database\Query->execute()
#6 /Users/shaunskeen/Sites/wgdb/vendor/cakephp/cakephp/src/Datasource/QueryTrait.php(276): Cake\ORM\Query->_execute()
#7 /Users/shaunskeen/Sites/wgdb/vendor/cakephp/cakephp/src/ORM/Query.php(959): Cake\ORM\Query->_all()
#8 /Users/shaunskeen/Sites/wgdb/vendor/cakephp/cakephp/src/Controller/Component/PaginatorComponent.php(189): Cake\ORM\Query->all()
#9 /Users/shaunskeen/Sites/wgdb/vendor/cakephp/cakephp/src/Controller/Controller.php(717): Cake\Controller\Component\PaginatorComponent->paginate(Object(App\Model\Table\WrestlersTable), Array)
#10 /Users/shaunskeen/Sites/wgdb/src/Controller/WrestlersController.php(24): Cake\Controller\Controller->paginate(Object(App\Model\Table\WrestlersTable))
#11 /Users/shaunskeen/Sites/wgdb/vendor/cakephp/cakephp/src/Controller/Controller.php(440): App\Controller\WrestlersController->index()
#12 /Users/shaunskeen/Sites/wgdb/vendor/cakephp/cakephp/src/Http/ActionDispatcher.php(119): Cake\Controller\Controller->invokeAction()
#13 /Users/shaunskeen/Sites/wgdb/vendor/cakephp/cakephp/src/Http/ActionDispatcher.php(93): Cake\Http\ActionDispatcher->_invoke(Object(App\Controller\WrestlersController))
#14 /Users/shaunskeen/Sites/wgdb/vendor/cakephp/cakephp/src/Http/BaseApplication.php(78): Cake\Http\ActionDispatcher->dispatch(Object(Cake\Http\ServerRequest), Object(Cake\Http\Response))
#15 /Users/shaunskeen/Sites/wgdb/vendor/cakephp/cakephp/src/Http/Runner.php(65): Cake\Http\BaseApplication->__invoke(Object(Cake\Http\ServerRequest), Object(Cake\Http\Response), Object(Cake\Http\Runner))
#16 /Users/shaunskeen/Sites/wgdb/vendor/cakephp/cakephp/src/Routing/Middleware/RoutingMiddleware.php(59): Cake\Http\Runner->__invoke(Object(Cake\Http\ServerRequest), Object(Cake\Http\Response))
#17 /Users/shaunskeen/Sites/wgdb/vendor/cakephp/cakephp/src/Http/Runner.php(65): Cake\Routing\Middleware\RoutingMiddleware->__invoke(Object(Cake\Http\ServerRequest), Object(Cake\Http\Response), Object(Cake\Http\Runner))
#18 /Users/shaunskeen/Sites/wgdb/vendor/cakephp/cakephp/src/Routing/Middleware/AssetMiddleware.php(88): Cake\Http\Runner->__invoke(Object(Cake\Http\ServerRequest), Object(Cake\Http\Response))
#19 /Users/shaunskeen/Sites/wgdb/vendor/cakephp/cakephp/src/Http/Runner.php(65): Cake\Routing\Middleware\AssetMiddleware->__invoke(Object(Cake\Http\ServerRequest), Object(Cake\Http\Response), Object(Cake\Http\Runner))
#20 /Users/shaunskeen/Sites/wgdb/vendor/cakephp/cakephp/src/Error/Middleware/ErrorHandlerMiddleware.php(93): Cake\Http\Runner->__invoke(Object(Cake\Http\ServerRequest), Object(Cake\Http\Response))
#21 /Users/shaunskeen/Sites/wgdb/vendor/cakephp/cakephp/src/Http/Runner.php(65): Cake\Error\Middleware\ErrorHandlerMiddleware->__invoke(Object(Cake\Http\ServerRequest), Object(Cake\Http\Response), Object(Cake\Http\Runner))
#22 /Users/shaunskeen/Sites/wgdb/vendor/cakephp/cakephp/src/Http/Runner.php(51): Cake\Http\Runner->__invoke(Object(Cake\Http\ServerRequest), Object(Cake\Http\Response))
#23 /Users/shaunskeen/Sites/wgdb/vendor/cakephp/cakephp/src/Http/Server.php(82): Cake\Http\Runner->run(Object(Cake\Http\MiddlewareQueue), Object(Cake\Http\ServerRequest), Object(Cake\Http\Response))
#24 /Users/shaunskeen/Sites/wgdb/webroot/index.php(37): Cake\Http\Server->run()
#25 {main}


2017-03-22 10:28:35 Error: [PDOException] SQLSTATE[42S22]: Column not found: 1054 Unknown column 'Reactions.crowd_recaction' in 'field list'
Request URL: /wrestlers
Stack Trace:
#0 /Users/shaunskeen/Sites/wgdb/vendor/cakephp/cakephp/src/Database/Statement/MysqlStatement.php(39): PDOStatement->execute(NULL)
#1 /Users/shaunskeen/Sites/wgdb/vendor/cakephp/cakephp/src/Database/Statement/StatementDecorator.php(174): Cake\Database\Statement\MysqlStatement->execute(NULL)
#2 /Users/shaunskeen/Sites/wgdb/vendor/cakephp/cakephp/src/Database/Log/LoggingStatement.php(56): Cake\Database\Statement\StatementDecorator->execute(NULL)
#3 /Users/shaunskeen/Sites/wgdb/vendor/cakephp/cakephp/src/Database/Connection.php(304): Cake\Database\Log\LoggingStatement->execute()
#4 /Users/shaunskeen/Sites/wgdb/vendor/cakephp/cakephp/src/Database/Query.php(213): Cake\Database\Connection->run(Object(Cake\ORM\Query))
#5 /Users/shaunskeen/Sites/wgdb/vendor/cakephp/cakephp/src/ORM/Query.php(1011): Cake\Database\Query->execute()
#6 /Users/shaunskeen/Sites/wgdb/vendor/cakephp/cakephp/src/Datasource/QueryTrait.php(276): Cake\ORM\Query->_execute()
#7 /Users/shaunskeen/Sites/wgdb/vendor/cakephp/cakephp/src/ORM/Query.php(959): Cake\ORM\Query->_all()
#8 /Users/shaunskeen/Sites/wgdb/vendor/cakephp/cakephp/src/Controller/Component/PaginatorComponent.php(189): Cake\ORM\Query->all()
#9 /Users/shaunskeen/Sites/wgdb/vendor/cakephp/cakephp/src/Controller/Controller.php(717): Cake\Controller\Component\PaginatorComponent->paginate(Object(App\Model\Table\WrestlersTable), Array)
#10 /Users/shaunskeen/Sites/wgdb/src/Controller/WrestlersController.php(24): Cake\Controller\Controller->paginate(Object(App\Model\Table\WrestlersTable))
#11 /Users/shaunskeen/Sites/wgdb/vendor/cakephp/cakephp/src/Controller/Controller.php(440): App\Controller\WrestlersController->index()
#12 /Users/shaunskeen/Sites/wgdb/vendor/cakephp/cakephp/src/Http/ActionDispatcher.php(119): Cake\Controller\Controller->invokeAction()
#13 /Users/shaunskeen/Sites/wgdb/vendor/cakephp/cakephp/src/Http/ActionDispatcher.php(93): Cake\Http\ActionDispatcher->_invoke(Object(App\Controller\WrestlersController))
#14 /Users/shaunskeen/Sites/wgdb/vendor/cakephp/cakephp/src/Http/BaseApplication.php(78): Cake\Http\ActionDispatcher->dispatch(Object(Cake\Http\ServerRequest), Object(Cake\Http\Response))
#15 /Users/shaunskeen/Sites/wgdb/vendor/cakephp/cakephp/src/Http/Runner.php(65): Cake\Http\BaseApplication->__invoke(Object(Cake\Http\ServerRequest), Object(Cake\Http\Response), Object(Cake\Http\Runner))
#16 /Users/shaunskeen/Sites/wgdb/vendor/cakephp/cakephp/src/Routing/Middleware/RoutingMiddleware.php(59): Cake\Http\Runner->__invoke(Object(Cake\Http\ServerRequest), Object(Cake\Http\Response))
#17 /Users/shaunskeen/Sites/wgdb/vendor/cakephp/cakephp/src/Http/Runner.php(65): Cake\Routing\Middleware\RoutingMiddleware->__invoke(Object(Cake\Http\ServerRequest), Object(Cake\Http\Response), Object(Cake\Http\Runner))
#18 /Users/shaunskeen/Sites/wgdb/vendor/cakephp/cakephp/src/Routing/Middleware/AssetMiddleware.php(88): Cake\Http\Runner->__invoke(Object(Cake\Http\ServerRequest), Object(Cake\Http\Response))
#19 /Users/shaunskeen/Sites/wgdb/vendor/cakephp/cakephp/src/Http/Runner.php(65): Cake\Routing\Middleware\AssetMiddleware->__invoke(Object(Cake\Http\ServerRequest), Object(Cake\Http\Response), Object(Cake\Http\Runner))
#20 /Users/shaunskeen/Sites/wgdb/vendor/cakephp/cakephp/src/Error/Middleware/ErrorHandlerMiddleware.php(93): Cake\Http\Runner->__invoke(Object(Cake\Http\ServerRequest), Object(Cake\Http\Response))
#21 /Users/shaunskeen/Sites/wgdb/vendor/cakephp/cakephp/src/Http/Runner.php(65): Cake\Error\Middleware\ErrorHandlerMiddleware->__invoke(Object(Cake\Http\ServerRequest), Object(Cake\Http\Response), Object(Cake\Http\Runner))
#22 /Users/shaunskeen/Sites/wgdb/vendor/cakephp/cakephp/src/Http/Runner.php(51): Cake\Http\Runner->__invoke(Object(Cake\Http\ServerRequest), Object(Cake\Http\Response))
#23 /Users/shaunskeen/Sites/wgdb/vendor/cakephp/cakephp/src/Http/Server.php(82): Cake\Http\Runner->run(Object(Cake\Http\MiddlewareQueue), Object(Cake\Http\ServerRequest), Object(Cake\Http\Response))
#24 /Users/shaunskeen/Sites/wgdb/webroot/index.php(37): Cake\Http\Server->run()
#25 {main}


2017-03-22 10:28:36 Error: [PDOException] SQLSTATE[42S22]: Column not found: 1054 Unknown column 'Reactions.crowd_recaction' in 'field list'
Request URL: /wrestlers
Stack Trace:
#0 /Users/shaunskeen/Sites/wgdb/vendor/cakephp/cakephp/src/Database/Statement/MysqlStatement.php(39): PDOStatement->execute(NULL)
#1 /Users/shaunskeen/Sites/wgdb/vendor/cakephp/cakephp/src/Database/Statement/StatementDecorator.php(174): Cake\Database\Statement\MysqlStatement->execute(NULL)
#2 /Users/shaunskeen/Sites/wgdb/vendor/cakephp/cakephp/src/Database/Log/LoggingStatement.php(56): Cake\Database\Statement\StatementDecorator->execute(NULL)
#3 /Users/shaunskeen/Sites/wgdb/vendor/cakephp/cakephp/src/Database/Connection.php(304): Cake\Database\Log\LoggingStatement->execute()
#4 /Users/shaunskeen/Sites/wgdb/vendor/cakephp/cakephp/src/Database/Query.php(213): Cake\Database\Connection->run(Object(Cake\ORM\Query))
#5 /Users/shaunskeen/Sites/wgdb/vendor/cakephp/cakephp/src/ORM/Query.php(1011): Cake\Database\Query->execute()
#6 /Users/shaunskeen/Sites/wgdb/vendor/cakephp/cakephp/src/Datasource/QueryTrait.php(276): Cake\ORM\Query->_execute()
#7 /Users/shaunskeen/Sites/wgdb/vendor/cakephp/cakephp/src/ORM/Query.php(959): Cake\ORM\Query->_all()
#8 /Users/shaunskeen/Sites/wgdb/vendor/cakephp/cakephp/src/Controller/Component/PaginatorComponent.php(189): Cake\ORM\Query->all()
#9 /Users/shaunskeen/Sites/wgdb/vendor/cakephp/cakephp/src/Controller/Controller.php(717): Cake\Controller\Component\PaginatorComponent->paginate(Object(App\Model\Table\WrestlersTable), Array)
#10 /Users/shaunskeen/Sites/wgdb/src/Controller/WrestlersController.php(24): Cake\Controller\Controller->paginate(Object(App\Model\Table\WrestlersTable))
#11 /Users/shaunskeen/Sites/wgdb/vendor/cakephp/cakephp/src/Controller/Controller.php(440): App\Controller\WrestlersController->index()
#12 /Users/shaunskeen/Sites/wgdb/vendor/cakephp/cakephp/src/Http/ActionDispatcher.php(119): Cake\Controller\Controller->invokeAction()
#13 /Users/shaunskeen/Sites/wgdb/vendor/cakephp/cakephp/src/Http/ActionDispatcher.php(93): Cake\Http\ActionDispatcher->_invoke(Object(App\Controller\WrestlersController))
#14 /Users/shaunskeen/Sites/wgdb/vendor/cakephp/cakephp/src/Http/BaseApplication.php(78): Cake\Http\ActionDispatcher->dispatch(Object(Cake\Http\ServerRequest), Object(Cake\Http\Response))
#15 /Users/shaunskeen/Sites/wgdb/vendor/cakephp/cakephp/src/Http/Runner.php(65): Cake\Http\BaseApplication->__invoke(Object(Cake\Http\ServerRequest), Object(Cake\Http\Response), Object(Cake\Http\Runner))
#16 /Users/shaunskeen/Sites/wgdb/vendor/cakephp/cakephp/src/Routing/Middleware/RoutingMiddleware.php(59): Cake\Http\Runner->__invoke(Object(Cake\Http\ServerRequest), Object(Cake\Http\Response))
#17 /Users/shaunskeen/Sites/wgdb/vendor/cakephp/cakephp/src/Http/Runner.php(65): Cake\Routing\Middleware\RoutingMiddleware->__invoke(Object(Cake\Http\ServerRequest), Object(Cake\Http\Response), Object(Cake\Http\Runner))
#18 /Users/shaunskeen/Sites/wgdb/vendor/cakephp/cakephp/src/Routing/Middleware/AssetMiddleware.php(88): Cake\Http\Runner->__invoke(Object(Cake\Http\ServerRequest), Object(Cake\Http\Response))
#19 /Users/shaunskeen/Sites/wgdb/vendor/cakephp/cakephp/src/Http/Runner.php(65): Cake\Routing\Middleware\AssetMiddleware->__invoke(Object(Cake\Http\ServerRequest), Object(Cake\Http\Response), Object(Cake\Http\Runner))
#20 /Users/shaunskeen/Sites/wgdb/vendor/cakephp/cakephp/src/Error/Middleware/ErrorHandlerMiddleware.php(93): Cake\Http\Runner->__invoke(Object(Cake\Http\ServerRequest), Object(Cake\Http\Response))
#21 /Users/shaunskeen/Sites/wgdb/vendor/cakephp/cakephp/src/Http/Runner.php(65): Cake\Error\Middleware\ErrorHandlerMiddleware->__invoke(Object(Cake\Http\ServerRequest), Object(Cake\Http\Response), Object(Cake\Http\Runner))
#22 /Users/shaunskeen/Sites/wgdb/vendor/cakephp/cakephp/src/Http/Runner.php(51): Cake\Http\Runner->__invoke(Object(Cake\Http\ServerRequest), Object(Cake\Http\Response))
#23 /Users/shaunskeen/Sites/wgdb/vendor/cakephp/cakephp/src/Http/Server.php(82): Cake\Http\Runner->run(Object(Cake\Http\MiddlewareQueue), Object(Cake\Http\ServerRequest), Object(Cake\Http\Response))
#24 /Users/shaunskeen/Sites/wgdb/webroot/index.php(37): Cake\Http\Server->run()
#25 {main}


